{"C:\\Users\\rene_\\Desktop\\nearsoft\\react-rock-paper-scissors-master\\components\\App.js": {"path":"C:\\Users\\rene_\\Desktop\\nearsoft\\react-rock-paper-scissors-master\\components\\App.js","statementMap":{"0":{"start":{"line":10,"column":4},"end":{"line":17,"column":6}}},"fnMap":{"0":{"name":"(anonymous_0)","decl":{"start":{"line":9,"column":2},"end":{"line":9,"column":3}},"loc":{"start":{"line":9,"column":11},"end":{"line":18,"column":3}},"line":9}},"branchMap":{},"s":{"0":0},"f":{"0":0},"b":{},"hash":"8d4a0cb49718306df652356007e9ac36f2371dc7"}
,"C:\\Users\\rene_\\Desktop\\nearsoft\\react-rock-paper-scissors-master\\components\\index.js": {"path":"C:\\Users\\rene_\\Desktop\\nearsoft\\react-rock-paper-scissors-master\\components\\index.js","statementMap":{"0":{"start":{"line":8,"column":2},"end":{"line":10,"column":13}},"1":{"start":{"line":13,"column":0},"end":{"line":13,"column":53}}},"fnMap":{},"branchMap":{},"s":{"0":0,"1":0},"f":{},"b":{},"hash":"85aec7252191100d361a45539a94c070de749ad6"}
,"C:\\Users\\rene_\\Desktop\\nearsoft\\react-rock-paper-scissors-master\\components\\Options\\options.js": {"path":"C:\\Users\\rene_\\Desktop\\nearsoft\\react-rock-paper-scissors-master\\components\\Options\\options.js","statementMap":{"0":{"start":{"line":10,"column":18},"end":{"line":14,"column":3}},"1":{"start":{"line":11,"column":4},"end":{"line":13,"column":5}},"2":{"start":{"line":12,"column":6},"end":{"line":12,"column":43}},"3":{"start":{"line":17,"column":4},"end":{"line":40,"column":6}},"4":{"start":{"line":21,"column":27},"end":{"line":21,"column":58}},"5":{"start":{"line":26,"column":27},"end":{"line":26,"column":59}},"6":{"start":{"line":31,"column":27},"end":{"line":31,"column":62}},"7":{"start":{"line":44,"column":0},"end":{"line":50,"column":2}}},"fnMap":{"0":{"name":"(anonymous_0)","decl":{"start":{"line":10,"column":18},"end":{"line":10,"column":19}},"loc":{"start":{"line":10,"column":32},"end":{"line":14,"column":3}},"line":10},"1":{"name":"(anonymous_1)","decl":{"start":{"line":16,"column":2},"end":{"line":16,"column":3}},"loc":{"start":{"line":16,"column":11},"end":{"line":41,"column":3}},"line":16},"2":{"name":"(anonymous_2)","decl":{"start":{"line":21,"column":21},"end":{"line":21,"column":22}},"loc":{"start":{"line":21,"column":27},"end":{"line":21,"column":58}},"line":21},"3":{"name":"(anonymous_3)","decl":{"start":{"line":26,"column":21},"end":{"line":26,"column":22}},"loc":{"start":{"line":26,"column":27},"end":{"line":26,"column":59}},"line":26},"4":{"name":"(anonymous_4)","decl":{"start":{"line":31,"column":21},"end":{"line":31,"column":22}},"loc":{"start":{"line":31,"column":27},"end":{"line":31,"column":62}},"line":31}},"branchMap":{"0":{"loc":{"start":{"line":11,"column":4},"end":{"line":13,"column":5}},"type":"if","locations":[{"start":{"line":11,"column":4},"end":{"line":13,"column":5}},{"start":{"line":11,"column":4},"end":{"line":13,"column":5}}],"line":11},"1":{"loc":{"start":{"line":36,"column":9},"end":{"line":38,"column":16}},"type":"cond-expr","locations":[{"start":{"line":37,"column":10},"end":{"line":37,"column":77}},{"start":{"line":38,"column":12},"end":{"line":38,"column":16}}],"line":36}},"s":{"0":8,"1":4,"2":3,"3":10,"4":1,"5":1,"6":2,"7":1},"f":{"0":4,"1":10,"2":1,"3":1,"4":2},"b":{"0":[3,1],"1":[1,9]},"_coverageSchema":"43e27e138ebf9cfc5966b082cf9a028302ed4184","hash":"223c7b3e7781bde07be6a8fc404f93ffff3a3e8d"}
,"C:\\Users\\rene_\\Desktop\\nearsoft\\react-rock-paper-scissors-master\\components\\Options\\optionsContainer.js": {"path":"C:\\Users\\rene_\\Desktop\\nearsoft\\react-rock-paper-scissors-master\\components\\Options\\optionsContainer.js","statementMap":{"0":{"start":{"line":5,"column":24},"end":{"line":11,"column":1}},"1":{"start":{"line":6,"column":2},"end":{"line":10,"column":4}},"2":{"start":{"line":13,"column":27},"end":{"line":17,"column":1}},"3":{"start":{"line":14,"column":2},"end":{"line":16,"column":4}},"4":{"start":{"line":15,"column":33},"end":{"line":15,"column":76}}},"fnMap":{"0":{"name":"(anonymous_0)","decl":{"start":{"line":5,"column":24},"end":{"line":5,"column":25}},"loc":{"start":{"line":5,"column":33},"end":{"line":11,"column":1}},"line":5},"1":{"name":"(anonymous_1)","decl":{"start":{"line":13,"column":27},"end":{"line":13,"column":28}},"loc":{"start":{"line":13,"column":39},"end":{"line":17,"column":1}},"line":13},"2":{"name":"(anonymous_2)","decl":{"start":{"line":15,"column":19},"end":{"line":15,"column":20}},"loc":{"start":{"line":15,"column":33},"end":{"line":15,"column":76}},"line":15}},"branchMap":{},"s":{"0":0,"1":0,"2":0,"3":0,"4":0},"f":{"0":0,"1":0,"2":0},"b":{},"hash":"efb1a1002a0af19c4610fdb5814bb8833a914f01"}
,"C:\\Users\\rene_\\Desktop\\nearsoft\\react-rock-paper-scissors-master\\components\\Results\\results.js": {"path":"C:\\Users\\rene_\\Desktop\\nearsoft\\react-rock-paper-scissors-master\\components\\Results\\results.js","statementMap":{"0":{"start":{"line":5,"column":23},"end":{"line":19,"column":1}},"1":{"start":{"line":6,"column":2},"end":{"line":18,"column":4}},"2":{"start":{"line":21,"column":0},"end":{"line":24,"column":2}}},"fnMap":{"0":{"name":"(anonymous_0)","decl":{"start":{"line":5,"column":23},"end":{"line":5,"column":24}},"loc":{"start":{"line":5,"column":52},"end":{"line":19,"column":1}},"line":5}},"branchMap":{},"s":{"0":1,"1":2,"2":1},"f":{"0":2},"b":{},"_coverageSchema":"43e27e138ebf9cfc5966b082cf9a028302ed4184","hash":"6c7160374e786488b8a6538dd519357789c8b6be"}
,"C:\\Users\\rene_\\Desktop\\nearsoft\\react-rock-paper-scissors-master\\components\\Results\\resultsContainer.js": {"path":"C:\\Users\\rene_\\Desktop\\nearsoft\\react-rock-paper-scissors-master\\components\\Results\\resultsContainer.js","statementMap":{"0":{"start":{"line":4,"column":24},"end":{"line":10,"column":1}},"1":{"start":{"line":5,"column":2},"end":{"line":9,"column":4}}},"fnMap":{"0":{"name":"(anonymous_0)","decl":{"start":{"line":4,"column":24},"end":{"line":4,"column":25}},"loc":{"start":{"line":4,"column":33},"end":{"line":10,"column":1}},"line":4}},"branchMap":{},"s":{"0":0,"1":0},"f":{"0":0},"b":{},"hash":"a45dd312854f822cba4cecb530253f680707dadf"}
,"C:\\Users\\rene_\\Desktop\\nearsoft\\react-rock-paper-scissors-master\\components\\Timeline\\timeline.js": {"path":"C:\\Users\\rene_\\Desktop\\nearsoft\\react-rock-paper-scissors-master\\components\\Timeline\\timeline.js","statementMap":{"0":{"start":{"line":7,"column":24},"end":{"line":28,"column":1}},"1":{"start":{"line":8,"column":2},"end":{"line":27,"column":4}},"2":{"start":{"line":14,"column":10},"end":{"line":24,"column":12}},"3":{"start":{"line":30,"column":0},"end":{"line":32,"column":2}}},"fnMap":{"0":{"name":"(anonymous_0)","decl":{"start":{"line":7,"column":24},"end":{"line":7,"column":25}},"loc":{"start":{"line":7,"column":43},"end":{"line":28,"column":1}},"line":7},"1":{"name":"(anonymous_1)","decl":{"start":{"line":13,"column":13},"end":{"line":13,"column":14}},"loc":{"start":{"line":13,"column":28},"end":{"line":25,"column":9}},"line":13}},"branchMap":{},"s":{"0":1,"1":4,"2":3,"3":1},"f":{"0":4,"1":3},"b":{},"_coverageSchema":"43e27e138ebf9cfc5966b082cf9a028302ed4184","hash":"61edf42f835c0e020c7848e43050a10c79c5243e"}
,"C:\\Users\\rene_\\Desktop\\nearsoft\\react-rock-paper-scissors-master\\components\\Timeline\\timelineContainer.js": {"path":"C:\\Users\\rene_\\Desktop\\nearsoft\\react-rock-paper-scissors-master\\components\\Timeline\\timelineContainer.js","statementMap":{"0":{"start":{"line":4,"column":24},"end":{"line":8,"column":1}},"1":{"start":{"line":5,"column":2},"end":{"line":7,"column":4}}},"fnMap":{"0":{"name":"(anonymous_0)","decl":{"start":{"line":4,"column":24},"end":{"line":4,"column":25}},"loc":{"start":{"line":4,"column":33},"end":{"line":8,"column":1}},"line":4}},"branchMap":{},"s":{"0":0,"1":0},"f":{"0":0},"b":{},"hash":"825c0c5da3e3d304e83a67cdf5d0e9a7e9b9135c"}
,"C:\\Users\\rene_\\Desktop\\nearsoft\\react-rock-paper-scissors-master\\components\\Title\\title.js": {"path":"C:\\Users\\rene_\\Desktop\\nearsoft\\react-rock-paper-scissors-master\\components\\Title\\title.js","statementMap":{"0":{"start":{"line":4,"column":21},"end":{"line":15,"column":1}},"1":{"start":{"line":5,"column":2},"end":{"line":14,"column":4}}},"fnMap":{"0":{"name":"(anonymous_0)","decl":{"start":{"line":4,"column":21},"end":{"line":4,"column":22}},"loc":{"start":{"line":4,"column":27},"end":{"line":15,"column":1}},"line":4}},"branchMap":{},"s":{"0":1,"1":2},"f":{"0":2},"b":{},"_coverageSchema":"43e27e138ebf9cfc5966b082cf9a028302ed4184","hash":"14a69b994125ae318c053a2e670ffe42b461b4d5"}
,"C:\\Users\\rene_\\Desktop\\nearsoft\\react-rock-paper-scissors-master\\redux\\createStore.js": {"path":"C:\\Users\\rene_\\Desktop\\nearsoft\\react-rock-paper-scissors-master\\redux\\createStore.js","statementMap":{"0":{"start":{"line":6,"column":20},"end":{"line":6,"column":27}},"1":{"start":{"line":8,"column":25},"end":{"line":8,"column":79}},"2":{"start":{"line":10,"column":0},"end":{"line":12,"column":1}},"3":{"start":{"line":11,"column":2},"end":{"line":11,"column":35}},"4":{"start":{"line":14,"column":14},"end":{"line":17,"column":1}}},"fnMap":{},"branchMap":{"0":{"loc":{"start":{"line":8,"column":25},"end":{"line":8,"column":79}},"type":"binary-expr","locations":[{"start":{"line":8,"column":25},"end":{"line":8,"column":68}},{"start":{"line":8,"column":72},"end":{"line":8,"column":79}}],"line":8},"1":{"loc":{"start":{"line":10,"column":0},"end":{"line":12,"column":1}},"type":"if","locations":[{"start":{"line":10,"column":0},"end":{"line":12,"column":1}},{"start":{"line":10,"column":0},"end":{"line":12,"column":1}}],"line":10}},"s":{"0":0,"1":0,"2":0,"3":0,"4":0},"f":{},"b":{"0":[0,0],"1":[0,0]},"hash":"edf5b944d6898161ab585aa49902fe40ba144e13"}
,"C:\\Users\\rene_\\Desktop\\nearsoft\\react-rock-paper-scissors-master\\redux\\actions\\actionTypes.js": {"path":"C:\\Users\\rene_\\Desktop\\nearsoft\\react-rock-paper-scissors-master\\redux\\actions\\actionTypes.js","statementMap":{"0":{"start":{"line":1,"column":28},"end":{"line":1,"column":42}},"1":{"start":{"line":2,"column":30},"end":{"line":2,"column":46}},"2":{"start":{"line":3,"column":30},"end":{"line":3,"column":46}},"3":{"start":{"line":4,"column":31},"end":{"line":4,"column":48}},"4":{"start":{"line":5,"column":33},"end":{"line":5,"column":52}},"5":{"start":{"line":6,"column":36},"end":{"line":6,"column":58}}},"fnMap":{},"branchMap":{},"s":{"0":2,"1":2,"2":2,"3":2,"4":2,"5":2},"f":{},"b":{},"_coverageSchema":"43e27e138ebf9cfc5966b082cf9a028302ed4184","hash":"d30035618a45ec85e5b2972ef97f79cb239abb6f"}
,"C:\\Users\\rene_\\Desktop\\nearsoft\\react-rock-paper-scissors-master\\redux\\actions\\game.js": {"path":"C:\\Users\\rene_\\Desktop\\nearsoft\\react-rock-paper-scissors-master\\redux\\actions\\game.js","statementMap":{"0":{"start":{"line":6,"column":27},"end":{"line":10,"column":1}},"1":{"start":{"line":7,"column":2},"end":{"line":9,"column":4}},"2":{"start":{"line":12,"column":29},"end":{"line":16,"column":1}},"3":{"start":{"line":13,"column":2},"end":{"line":15,"column":4}},"4":{"start":{"line":18,"column":28},"end":{"line":23,"column":1}},"5":{"start":{"line":19,"column":2},"end":{"line":22,"column":4}},"6":{"start":{"line":25,"column":31},"end":{"line":29,"column":1}},"7":{"start":{"line":26,"column":2},"end":{"line":28,"column":4}},"8":{"start":{"line":31,"column":34},"end":{"line":35,"column":1}},"9":{"start":{"line":32,"column":2},"end":{"line":34,"column":4}},"10":{"start":{"line":37,"column":29},"end":{"line":55,"column":1}},"11":{"start":{"line":38,"column":2},"end":{"line":54,"column":4}},"12":{"start":{"line":39,"column":4},"end":{"line":39,"column":28}},"13":{"start":{"line":40,"column":26},"end":{"line":40,"column":62}},"14":{"start":{"line":42,"column":4},"end":{"line":53,"column":24}},"15":{"start":{"line":44,"column":8},"end":{"line":44,"column":53}},"16":{"start":{"line":45,"column":21},"end":{"line":45,"column":57}},"17":{"start":{"line":46,"column":8},"end":{"line":50,"column":9}},"18":{"start":{"line":47,"column":10},"end":{"line":47,"column":38}},"19":{"start":{"line":48,"column":15},"end":{"line":50,"column":9}},"20":{"start":{"line":49,"column":10},"end":{"line":49,"column":41}},"21":{"start":{"line":51,"column":8},"end":{"line":51,"column":34}}},"fnMap":{"0":{"name":"(anonymous_0)","decl":{"start":{"line":6,"column":27},"end":{"line":6,"column":28}},"loc":{"start":{"line":6,"column":33},"end":{"line":10,"column":1}},"line":6},"1":{"name":"(anonymous_1)","decl":{"start":{"line":12,"column":29},"end":{"line":12,"column":30}},"loc":{"start":{"line":12,"column":35},"end":{"line":16,"column":1}},"line":12},"2":{"name":"(anonymous_2)","decl":{"start":{"line":18,"column":28},"end":{"line":18,"column":29}},"loc":{"start":{"line":18,"column":53},"end":{"line":23,"column":1}},"line":18},"3":{"name":"(anonymous_3)","decl":{"start":{"line":25,"column":31},"end":{"line":25,"column":32}},"loc":{"start":{"line":25,"column":37},"end":{"line":29,"column":1}},"line":25},"4":{"name":"(anonymous_4)","decl":{"start":{"line":31,"column":34},"end":{"line":31,"column":35}},"loc":{"start":{"line":31,"column":40},"end":{"line":35,"column":1}},"line":31},"5":{"name":"(anonymous_5)","decl":{"start":{"line":37,"column":29},"end":{"line":37,"column":30}},"loc":{"start":{"line":37,"column":43},"end":{"line":55,"column":1}},"line":37},"6":{"name":"(anonymous_6)","decl":{"start":{"line":38,"column":9},"end":{"line":38,"column":10}},"loc":{"start":{"line":38,"column":33},"end":{"line":54,"column":3}},"line":38},"7":{"name":"(anonymous_7)","decl":{"start":{"line":43,"column":12},"end":{"line":43,"column":13}},"loc":{"start":{"line":43,"column":19},"end":{"line":52,"column":7}},"line":43},"8":{"name":"(anonymous_8)","decl":{"start":{"line":53,"column":13},"end":{"line":53,"column":14}},"loc":{"start":{"line":53,"column":20},"end":{"line":53,"column":22}},"line":53}},"branchMap":{"0":{"loc":{"start":{"line":46,"column":8},"end":{"line":50,"column":9}},"type":"if","locations":[{"start":{"line":46,"column":8},"end":{"line":50,"column":9}},{"start":{"line":46,"column":8},"end":{"line":50,"column":9}}],"line":46},"1":{"loc":{"start":{"line":48,"column":15},"end":{"line":50,"column":9}},"type":"if","locations":[{"start":{"line":48,"column":15},"end":{"line":50,"column":9}},{"start":{"line":48,"column":15},"end":{"line":50,"column":9}}],"line":48}},"s":{"0":1,"1":3,"2":1,"3":3,"4":1,"5":3,"6":1,"7":2,"8":1,"9":2,"10":1,"11":2,"12":2,"13":2,"14":2,"15":2,"16":2,"17":2,"18":1,"19":1,"20":1,"21":2},"f":{"0":3,"1":3,"2":3,"3":2,"4":2,"5":2,"6":2,"7":2,"8":0},"b":{"0":[1,1],"1":[1,0]},"_coverageSchema":"43e27e138ebf9cfc5966b082cf9a028302ed4184","hash":"d903ce7b8baa68ba3fb9a5c097ecd817c1f4c2a1"}
,"C:\\Users\\rene_\\Desktop\\nearsoft\\react-rock-paper-scissors-master\\redux\\actions\\index.js": {"path":"C:\\Users\\rene_\\Desktop\\nearsoft\\react-rock-paper-scissors-master\\redux\\actions\\index.js","statementMap":{},"fnMap":{},"branchMap":{},"s":{},"f":{},"b":{},"hash":"39acc255a7506ec88e6c030cb17ba01020fbef03"}
,"C:\\Users\\rene_\\Desktop\\nearsoft\\react-rock-paper-scissors-master\\redux\\reducers\\game.js": {"path":"C:\\Users\\rene_\\Desktop\\nearsoft\\react-rock-paper-scissors-master\\redux\\reducers\\game.js","statementMap":{"0":{"start":{"line":3,"column":21},"end":{"line":10,"column":1}},"1":{"start":{"line":12,"column":20},"end":{"line":44,"column":1}},"2":{"start":{"line":13,"column":2},"end":{"line":43,"column":3}},"3":{"start":{"line":15,"column":6},"end":{"line":15,"column":41}},"4":{"start":{"line":17,"column":6},"end":{"line":17,"column":42}},"5":{"start":{"line":19,"column":6},"end":{"line":30,"column":8}},"6":{"start":{"line":32,"column":6},"end":{"line":35,"column":8}},"7":{"start":{"line":37,"column":6},"end":{"line":40,"column":8}},"8":{"start":{"line":42,"column":6},"end":{"line":42,"column":19}}},"fnMap":{"0":{"name":"(anonymous_0)","decl":{"start":{"line":12,"column":20},"end":{"line":12,"column":21}},"loc":{"start":{"line":12,"column":54},"end":{"line":44,"column":1}},"line":12}},"branchMap":{"0":{"loc":{"start":{"line":12,"column":21},"end":{"line":12,"column":41}},"type":"default-arg","locations":[{"start":{"line":12,"column":29},"end":{"line":12,"column":41}}],"line":12},"1":{"loc":{"start":{"line":13,"column":2},"end":{"line":43,"column":3}},"type":"switch","locations":[{"start":{"line":14,"column":4},"end":{"line":15,"column":41}},{"start":{"line":16,"column":4},"end":{"line":17,"column":42}},{"start":{"line":18,"column":4},"end":{"line":30,"column":8}},{"start":{"line":31,"column":4},"end":{"line":35,"column":8}},{"start":{"line":36,"column":4},"end":{"line":40,"column":8}},{"start":{"line":41,"column":4},"end":{"line":42,"column":19}}],"line":13}},"s":{"0":1,"1":1,"2":6,"3":1,"4":1,"5":1,"6":1,"7":1,"8":1},"f":{"0":6},"b":{"0":[1],"1":[1,1,1,1,1,1]},"_coverageSchema":"43e27e138ebf9cfc5966b082cf9a028302ed4184","hash":"6f1f50fd9832be779325d6e47284087ee55ca3a7"}
,"C:\\Users\\rene_\\Desktop\\nearsoft\\react-rock-paper-scissors-master\\redux\\reducers\\index.js": {"path":"C:\\Users\\rene_\\Desktop\\nearsoft\\react-rock-paper-scissors-master\\redux\\reducers\\index.js","statementMap":{},"fnMap":{},"branchMap":{},"s":{},"f":{},"b":{},"hash":"cb444bebcf6060527309b294db1815b5c27a2e5b"}
}
