TN:
SF:C:\Users\rene_\Desktop\nearsoft\react-rock-paper-scissors-master\components\App.js
FN:9,(anonymous_0)
FNF:1
FNH:0
FNDA:0,(anonymous_0)
DA:10,0
LF:1
LH:0
BRF:0
BRH:0
end_of_record
TN:
SF:C:\Users\rene_\Desktop\nearsoft\react-rock-paper-scissors-master\components\index.js
FNF:0
FNH:0
DA:8,0
DA:13,0
LF:2
LH:0
BRF:0
BRH:0
end_of_record
TN:
SF:C:\Users\rene_\Desktop\nearsoft\react-rock-paper-scissors-master\components\Options\options.js
FN:10,(anonymous_0)
FN:16,(anonymous_1)
FN:21,(anonymous_2)
FN:26,(anonymous_3)
FN:31,(anonymous_4)
FNF:5
FNH:5
FNDA:4,(anonymous_0)
FNDA:10,(anonymous_1)
FNDA:1,(anonymous_2)
FNDA:1,(anonymous_3)
FNDA:2,(anonymous_4)
DA:10,8
DA:11,4
DA:12,3
DA:17,10
DA:21,1
DA:26,1
DA:31,2
DA:44,1
LF:8
LH:8
BRDA:11,0,0,3
BRDA:11,0,1,1
BRDA:36,1,0,1
BRDA:36,1,1,9
BRF:4
BRH:4
end_of_record
TN:
SF:C:\Users\rene_\Desktop\nearsoft\react-rock-paper-scissors-master\components\Options\optionsContainer.js
FN:5,(anonymous_0)
FN:13,(anonymous_1)
FN:15,(anonymous_2)
FNF:3
FNH:0
FNDA:0,(anonymous_0)
FNDA:0,(anonymous_1)
FNDA:0,(anonymous_2)
DA:5,0
DA:6,0
DA:13,0
DA:14,0
DA:15,0
LF:5
LH:0
BRF:0
BRH:0
end_of_record
TN:
SF:C:\Users\rene_\Desktop\nearsoft\react-rock-paper-scissors-master\components\Results\results.js
FN:5,(anonymous_0)
FNF:1
FNH:1
FNDA:2,(anonymous_0)
DA:5,1
DA:6,2
DA:21,1
LF:3
LH:3
BRF:0
BRH:0
end_of_record
TN:
SF:C:\Users\rene_\Desktop\nearsoft\react-rock-paper-scissors-master\components\Results\resultsContainer.js
FN:4,(anonymous_0)
FNF:1
FNH:0
FNDA:0,(anonymous_0)
DA:4,0
DA:5,0
LF:2
LH:0
BRF:0
BRH:0
end_of_record
TN:
SF:C:\Users\rene_\Desktop\nearsoft\react-rock-paper-scissors-master\components\Timeline\timeline.js
FN:7,(anonymous_0)
FN:13,(anonymous_1)
FNF:2
FNH:2
FNDA:4,(anonymous_0)
FNDA:3,(anonymous_1)
DA:7,1
DA:8,4
DA:14,3
DA:30,1
LF:4
LH:4
BRF:0
BRH:0
end_of_record
TN:
SF:C:\Users\rene_\Desktop\nearsoft\react-rock-paper-scissors-master\components\Timeline\timelineContainer.js
FN:4,(anonymous_0)
FNF:1
FNH:0
FNDA:0,(anonymous_0)
DA:4,0
DA:5,0
LF:2
LH:0
BRF:0
BRH:0
end_of_record
TN:
SF:C:\Users\rene_\Desktop\nearsoft\react-rock-paper-scissors-master\components\Title\title.js
FN:4,(anonymous_0)
FNF:1
FNH:1
FNDA:2,(anonymous_0)
DA:4,1
DA:5,2
LF:2
LH:2
BRF:0
BRH:0
end_of_record
TN:
SF:C:\Users\rene_\Desktop\nearsoft\react-rock-paper-scissors-master\redux\createStore.js
FNF:0
FNH:0
DA:6,0
DA:8,0
DA:10,0
DA:11,0
DA:14,0
LF:5
LH:0
BRDA:8,0,0,0
BRDA:8,0,1,0
BRDA:10,1,0,0
BRDA:10,1,1,0
BRF:4
BRH:0
end_of_record
TN:
SF:C:\Users\rene_\Desktop\nearsoft\react-rock-paper-scissors-master\redux\actions\actionTypes.js
FNF:0
FNH:0
DA:1,2
DA:2,2
DA:3,2
DA:4,2
DA:5,2
DA:6,2
LF:6
LH:6
BRF:0
BRH:0
end_of_record
TN:
SF:C:\Users\rene_\Desktop\nearsoft\react-rock-paper-scissors-master\redux\actions\game.js
FN:6,(anonymous_0)
FN:12,(anonymous_1)
FN:18,(anonymous_2)
FN:25,(anonymous_3)
FN:31,(anonymous_4)
FN:37,(anonymous_5)
FN:38,(anonymous_6)
FN:43,(anonymous_7)
FN:53,(anonymous_8)
FNF:9
FNH:8
FNDA:3,(anonymous_0)
FNDA:3,(anonymous_1)
FNDA:3,(anonymous_2)
FNDA:2,(anonymous_3)
FNDA:2,(anonymous_4)
FNDA:2,(anonymous_5)
FNDA:2,(anonymous_6)
FNDA:2,(anonymous_7)
FNDA:0,(anonymous_8)
DA:6,1
DA:7,3
DA:12,1
DA:13,3
DA:18,1
DA:19,3
DA:25,1
DA:26,2
DA:31,1
DA:32,2
DA:37,1
DA:38,2
DA:39,2
DA:40,2
DA:42,2
DA:44,2
DA:45,2
DA:46,2
DA:47,1
DA:48,1
DA:49,1
DA:51,2
LF:22
LH:22
BRDA:46,0,0,1
BRDA:46,0,1,1
BRDA:48,1,0,1
BRDA:48,1,1,0
BRF:4
BRH:3
end_of_record
TN:
SF:C:\Users\rene_\Desktop\nearsoft\react-rock-paper-scissors-master\redux\actions\index.js
FNF:0
FNH:0
LF:0
LH:0
BRF:0
BRH:0
end_of_record
TN:
SF:C:\Users\rene_\Desktop\nearsoft\react-rock-paper-scissors-master\redux\reducers\game.js
FN:12,(anonymous_0)
FNF:1
FNH:1
FNDA:6,(anonymous_0)
DA:3,1
DA:12,1
DA:13,6
DA:15,1
DA:17,1
DA:19,1
DA:32,1
DA:37,1
DA:42,1
LF:9
LH:9
BRDA:12,0,0,1
BRDA:13,1,0,1
BRDA:13,1,1,1
BRDA:13,1,2,1
BRDA:13,1,3,1
BRDA:13,1,4,1
BRDA:13,1,5,1
BRF:7
BRH:7
end_of_record
TN:
SF:C:\Users\rene_\Desktop\nearsoft\react-rock-paper-scissors-master\redux\reducers\index.js
FNF:0
FNH:0
LF:0
LH:0
BRF:0
BRH:0
end_of_record
